<?xml version="1.0" encoding="UTF-8"?>
<!-- Generated by org.testng.reporters.JUnitReportReporter -->
<testsuite hostname="DESKTOP-L85NF1Q" failures="0" tests="2" name="org.practice.test.FirstMavenClass" time="0.011" errors="0" timestamp="2022-09-12T07:07:48 IST" skipped="0">
  <testcase classname="org.practice.test.FirstMavenClass" name="method1" time="0.010"/>
  <system-out/>
  <testcase classname="org.practice.test.FirstMavenClass" name="method2" time="0.001"/>
  <system-out/>
</testsuite> <!-- org.practice.test.FirstMavenClass -->
