<?xml version="1.0" encoding="UTF-8"?>
<!-- Generated by org.testng.reporters.JUnitReportReporter -->
<testsuite hostname="DESKTOP-L85NF1Q" failures="0" tests="1" name="com.automationpractice.tests.LoginTest" time="18.750" errors="0" timestamp="2022-09-15T08:57:22 IST" skipped="0">
  <testcase classname="com.automationpractice.tests.LoginTest" name="validCredentialsTest" time="18.750"/>
  <system-out/>
</testsuite> <!-- com.automationpractice.tests.LoginTest -->
