<?xml version="1.0" encoding="UTF-8"?>
<!-- Generated by org.testng.reporters.JUnitReportReporter -->
<testsuite hostname="DESKTOP-L85NF1Q" failures="0" tests="2" name="org.practice.test.SecondMavenClass" time="0.010" errors="0" timestamp="2022-09-12T07:24:10 IST" skipped="0">
  <testcase classname="org.practice.test.SecondMavenClass" name="method2" time="0.009"/>
  <system-out/>
  <testcase classname="org.practice.test.SecondMavenClass" name="method3" time="0.001"/>
  <system-out/>
</testsuite> <!-- org.practice.test.SecondMavenClass -->
